  backtrack.cpp
  engine_prediction.cpp
  misc.cpp
  antiaim.cpp
  chams.cpp
  visuals.cpp
  hooks.cpp
  menu.cpp
  interfaces.cpp
  math.cpp
  console.cpp
  csgo.cpp
  netvars.cpp
  renderer.cpp
  utilities.cpp
  main.cpp
  vector3d.cpp
  view_matrix.cpp
  Generating Code...
  buffer.c
  hde32.c
  hde64.c
  hook.c
  trampoline.c
  Generating Code...
  LINK : /LTCG specified but no code generation required; remove /LTCG from the link command line to improve linker performance
  csgo-cheat.vcxproj -> d:\Users\PC\Desktop\5shekelcheats-master\output\debug\bem.dll
